<?xml version="1.0" encoding="UTF-8"?>
<TestRun id="a89f0b44-adf2-42b7-81ba-11e99d93327c" name="Benny@MACBOOKWIN7 2012-03-14 21:31:11" runUser="MacBookWin7\Benny" xmlns="http://microsoft.com/schemas/VisualStudio/TeamTest/2010">
  <TestSettings name="Local" id="abe41eeb-0327-4780-b830-21300e2a52a0">
    <Description>These are default test settings for a local test run.</Description>
    <Deployment enabled="false" runDeploymentRoot="Benny_MACBOOKWIN7 2012-03-14 21_31_11">
      <DeploymentItem filename="C:\Users\Benny\Documents\Visual Studio 2010\Projects\Sam\Sam\bin\Debug\Sam.dll" />
    </Deployment>
    <Execution>
      <TestTypeSpecific />
      <AgentRule name="Execution Agents">
      </AgentRule>
    </Execution>
  </TestSettings>
  <Times creation="2012-03-14T21:31:11.2354000+01:00" queuing="2012-03-14T21:31:11.3024000+01:00" start="2012-03-14T21:31:11.3314000+01:00" finish="2012-03-14T21:31:11.6594000+01:00" />
  <ResultSummary outcome="Completed">
    <Counters total="3" executed="3" passed="3" error="0" failed="0" timeout="0" aborted="0" inconclusive="0" passedButRunAborted="0" notRunnable="0" notExecuted="0" disconnected="0" warning="0" completed="0" inProgress="0" pending="0" />
  </ResultSummary>
  <TestDefinitions>
    <UnitTest name="EatCookie" storage="c:\users\benny\documents\visual studio 2010\projects\sam\samtestproject\bin\debug\samtestproject.dll" id="6d7f29f3-3cf2-dc39-4e78-0a1c7cae2f76">
      <Execution id="34877638-282e-4514-b2ad-010d5f5dc91f" />
      <TestMethod codeBase="c:/Users/Benny/Documents/Visual Studio 2010/Projects/Sam/SamTestProject/bin/Debug/SamTestProject.DLL" adapterTypeName="Microsoft.VisualStudio.TestTools.TestTypes.Unit.UnitTestAdapter, Microsoft.VisualStudio.QualityTools.Tips.UnitTest.Adapter, Version=10.0.0.0, Culture=neutral, PublicKeyToken=b03f5f7f11d50a3a" className="SamTestProject.UnitTest1, SamTestProject, Version=1.0.0.0, Culture=neutral, PublicKeyToken=null" name="EatCookie" />
    </UnitTest>
    <UnitTest name="EatALot" storage="c:\users\benny\documents\visual studio 2010\projects\sam\samtestproject\bin\debug\samtestproject.dll" id="9189eaab-0a4b-364b-3a46-278e007c15db">
      <Execution id="54f6f0d2-8d8b-4740-91bc-23df360ca0e6" />
      <TestMethod codeBase="c:/Users/Benny/Documents/Visual Studio 2010/Projects/Sam/SamTestProject/bin/Debug/SamTestProject.DLL" adapterTypeName="Microsoft.VisualStudio.TestTools.TestTypes.Unit.UnitTestAdapter, Microsoft.VisualStudio.QualityTools.Tips.UnitTest.Adapter, Version=10.0.0.0, Culture=neutral, PublicKeyToken=b03f5f7f11d50a3a" className="SamTestProject.UnitTest1, SamTestProject, Version=1.0.0.0, Culture=neutral, PublicKeyToken=null" name="EatALot" />
    </UnitTest>
    <UnitTest name="EatDirt" storage="c:\users\benny\documents\visual studio 2010\projects\sam\samtestproject\bin\debug\samtestproject.dll" id="ab33c521-d786-5081-e07a-4382763147cc">
      <Execution id="eb936f3b-625e-426a-910c-7665a0003ce4" />
      <TestMethod codeBase="c:/Users/Benny/Documents/Visual Studio 2010/Projects/Sam/SamTestProject/bin/Debug/SamTestProject.DLL" adapterTypeName="Microsoft.VisualStudio.TestTools.TestTypes.Unit.UnitTestAdapter, Microsoft.VisualStudio.QualityTools.Tips.UnitTest.Adapter, Version=10.0.0.0, Culture=neutral, PublicKeyToken=b03f5f7f11d50a3a" className="SamTestProject.UnitTest1, SamTestProject, Version=1.0.0.0, Culture=neutral, PublicKeyToken=null" name="EatDirt" />
    </UnitTest>
  </TestDefinitions>
  <TestLists>
    <TestList name="Results Not in a List" id="8c84fa94-04c1-424b-9868-57a2d4851a1d" />
    <TestList name="All Loaded Results" id="19431567-8539-422a-85d7-44ee4e166bda" />
  </TestLists>
  <TestEntries>
    <TestEntry testId="6d7f29f3-3cf2-dc39-4e78-0a1c7cae2f76" executionId="34877638-282e-4514-b2ad-010d5f5dc91f" testListId="8c84fa94-04c1-424b-9868-57a2d4851a1d" />
    <TestEntry testId="9189eaab-0a4b-364b-3a46-278e007c15db" executionId="54f6f0d2-8d8b-4740-91bc-23df360ca0e6" testListId="8c84fa94-04c1-424b-9868-57a2d4851a1d" />
    <TestEntry testId="ab33c521-d786-5081-e07a-4382763147cc" executionId="eb936f3b-625e-426a-910c-7665a0003ce4" testListId="8c84fa94-04c1-424b-9868-57a2d4851a1d" />
  </TestEntries>
  <Results>
    <UnitTestResult executionId="34877638-282e-4514-b2ad-010d5f5dc91f" testId="6d7f29f3-3cf2-dc39-4e78-0a1c7cae2f76" testName="EatCookie" computerName="MACBOOKWIN7" duration="00:00:00.0158413" startTime="2012-03-14T21:31:11.3564000+01:00" endTime="2012-03-14T21:31:11.5914000+01:00" testType="13cdc9d9-ddb5-4fa4-a97d-d965ccfc6d4b" outcome="Passed" testListId="8c84fa94-04c1-424b-9868-57a2d4851a1d" relativeResultsDirectory="34877638-282e-4514-b2ad-010d5f5dc91f">
    </UnitTestResult>
    <UnitTestResult executionId="54f6f0d2-8d8b-4740-91bc-23df360ca0e6" testId="9189eaab-0a4b-364b-3a46-278e007c15db" testName="EatALot" computerName="MACBOOKWIN7" duration="00:00:00.0052017" startTime="2012-03-14T21:31:11.6084000+01:00" endTime="2012-03-14T21:31:11.6184000+01:00" testType="13cdc9d9-ddb5-4fa4-a97d-d965ccfc6d4b" outcome="Passed" testListId="8c84fa94-04c1-424b-9868-57a2d4851a1d" relativeResultsDirectory="54f6f0d2-8d8b-4740-91bc-23df360ca0e6">
    </UnitTestResult>
    <UnitTestResult executionId="eb936f3b-625e-426a-910c-7665a0003ce4" testId="ab33c521-d786-5081-e07a-4382763147cc" testName="EatDirt" computerName="MACBOOKWIN7" duration="00:00:00.0002039" startTime="2012-03-14T21:31:11.6234000+01:00" endTime="2012-03-14T21:31:11.6274000+01:00" testType="13cdc9d9-ddb5-4fa4-a97d-d965ccfc6d4b" outcome="Passed" testListId="8c84fa94-04c1-424b-9868-57a2d4851a1d" relativeResultsDirectory="eb936f3b-625e-426a-910c-7665a0003ce4">
    </UnitTestResult>
  </Results>
</TestRun>