<?xml version="1.0" encoding="UTF-8"?>
<TestRun id="976653f3-67f5-48c7-bff2-9a2c2a90e5f7" name="Benny@MACBOOKWIN7 2012-03-14 21:18:27" runUser="MacBookWin7\Benny" xmlns="http://microsoft.com/schemas/VisualStudio/TeamTest/2010">
  <TestSettings name="Local" id="abe41eeb-0327-4780-b830-21300e2a52a0">
    <Description>These are default test settings for a local test run.</Description>
    <Deployment enabled="false" runDeploymentRoot="Benny_MACBOOKWIN7 2012-03-14 21_18_27">
      <DeploymentItem filename="C:\Users\Benny\Documents\Visual Studio 2010\Projects\Sam\Sam\bin\Debug\Sam.dll" />
    </Deployment>
    <Execution>
      <TestTypeSpecific />
      <AgentRule name="Execution Agents">
      </AgentRule>
    </Execution>
  </TestSettings>
  <Times creation="2012-03-14T21:18:27.7004000+01:00" queuing="2012-03-14T21:18:27.9584000+01:00" start="2012-03-14T21:18:28.0794000+01:00" finish="2012-03-14T21:18:28.8504000+01:00" />
  <ResultSummary outcome="Failed">
    <Counters total="3" executed="3" passed="1" error="0" failed="2" timeout="0" aborted="0" inconclusive="0" passedButRunAborted="0" notRunnable="0" notExecuted="0" disconnected="0" warning="0" completed="0" inProgress="0" pending="0" />
  </ResultSummary>
  <TestDefinitions>
    <UnitTest name="EatCookie" storage="c:\users\benny\documents\visual studio 2010\projects\sam\samtestproject\bin\debug\samtestproject.dll" id="6d7f29f3-3cf2-dc39-4e78-0a1c7cae2f76">
      <Execution id="b1e39a64-9361-4782-8e7d-f393ed8eba15" />
      <TestMethod codeBase="c:/Users/Benny/Documents/Visual Studio 2010/Projects/Sam/SamTestProject/bin/Debug/SamTestProject.DLL" adapterTypeName="Microsoft.VisualStudio.TestTools.TestTypes.Unit.UnitTestAdapter, Microsoft.VisualStudio.QualityTools.Tips.UnitTest.Adapter, Version=10.0.0.0, Culture=neutral, PublicKeyToken=b03f5f7f11d50a3a" className="SamTestProject.UnitTest1, SamTestProject, Version=1.0.0.0, Culture=neutral, PublicKeyToken=null" name="EatCookie" />
    </UnitTest>
    <UnitTest name="EatALot" storage="c:\users\benny\documents\visual studio 2010\projects\sam\samtestproject\bin\debug\samtestproject.dll" id="9189eaab-0a4b-364b-3a46-278e007c15db">
      <Execution id="287c3ed7-1720-4fa9-a18f-20bdbe6e052d" />
      <TestMethod codeBase="c:/Users/Benny/Documents/Visual Studio 2010/Projects/Sam/SamTestProject/bin/Debug/SamTestProject.DLL" adapterTypeName="Microsoft.VisualStudio.TestTools.TestTypes.Unit.UnitTestAdapter, Microsoft.VisualStudio.QualityTools.Tips.UnitTest.Adapter, Version=10.0.0.0, Culture=neutral, PublicKeyToken=b03f5f7f11d50a3a" className="SamTestProject.UnitTest1, SamTestProject, Version=1.0.0.0, Culture=neutral, PublicKeyToken=null" name="EatALot" />
    </UnitTest>
    <UnitTest name="EatDirt" storage="c:\users\benny\documents\visual studio 2010\projects\sam\samtestproject\bin\debug\samtestproject.dll" id="ab33c521-d786-5081-e07a-4382763147cc">
      <Execution id="de8ce1a6-0a0a-40fd-ad4e-6156dc9aea29" />
      <TestMethod codeBase="c:/Users/Benny/Documents/Visual Studio 2010/Projects/Sam/SamTestProject/bin/Debug/SamTestProject.DLL" adapterTypeName="Microsoft.VisualStudio.TestTools.TestTypes.Unit.UnitTestAdapter, Microsoft.VisualStudio.QualityTools.Tips.UnitTest.Adapter, Version=10.0.0.0, Culture=neutral, PublicKeyToken=b03f5f7f11d50a3a" className="SamTestProject.UnitTest1, SamTestProject, Version=1.0.0.0, Culture=neutral, PublicKeyToken=null" name="EatDirt" />
    </UnitTest>
  </TestDefinitions>
  <TestLists>
    <TestList name="Results Not in a List" id="8c84fa94-04c1-424b-9868-57a2d4851a1d" />
    <TestList name="All Loaded Results" id="19431567-8539-422a-85d7-44ee4e166bda" />
  </TestLists>
  <TestEntries>
    <TestEntry testId="6d7f29f3-3cf2-dc39-4e78-0a1c7cae2f76" executionId="b1e39a64-9361-4782-8e7d-f393ed8eba15" testListId="8c84fa94-04c1-424b-9868-57a2d4851a1d" />
    <TestEntry testId="9189eaab-0a4b-364b-3a46-278e007c15db" executionId="287c3ed7-1720-4fa9-a18f-20bdbe6e052d" testListId="8c84fa94-04c1-424b-9868-57a2d4851a1d" />
    <TestEntry testId="ab33c521-d786-5081-e07a-4382763147cc" executionId="de8ce1a6-0a0a-40fd-ad4e-6156dc9aea29" testListId="8c84fa94-04c1-424b-9868-57a2d4851a1d" />
  </TestEntries>
  <Results>
    <UnitTestResult executionId="b1e39a64-9361-4782-8e7d-f393ed8eba15" testId="6d7f29f3-3cf2-dc39-4e78-0a1c7cae2f76" testName="EatCookie" computerName="MACBOOKWIN7" duration="00:00:00.0163800" startTime="2012-03-14T21:18:28.2444000+01:00" endTime="2012-03-14T21:18:28.5664000+01:00" testType="13cdc9d9-ddb5-4fa4-a97d-d965ccfc6d4b" outcome="Passed" testListId="8c84fa94-04c1-424b-9868-57a2d4851a1d" relativeResultsDirectory="b1e39a64-9361-4782-8e7d-f393ed8eba15">
    </UnitTestResult>
    <UnitTestResult executionId="287c3ed7-1720-4fa9-a18f-20bdbe6e052d" testId="9189eaab-0a4b-364b-3a46-278e007c15db" testName="EatALot" computerName="MACBOOKWIN7" duration="00:00:00.0870298" startTime="2012-03-14T21:18:28.5704000+01:00" endTime="2012-03-14T21:18:28.6754000+01:00" testType="13cdc9d9-ddb5-4fa4-a97d-d965ccfc6d4b" outcome="Failed" testListId="8c84fa94-04c1-424b-9868-57a2d4851a1d" relativeResultsDirectory="287c3ed7-1720-4fa9-a18f-20bdbe6e052d">
      <Output>
        <ErrorInfo>
          <Message>Test method SamTestProject.UnitTest1.EatALot threw exception: 
System.Exception: Puke</Message>
          <StackTrace>    at Sam.Food.Eat() in C:\Users\Benny\Documents\Visual Studio 2010\Projects\Sam\Sam\Food.cs:line 29
   at SamTestProject.UnitTest1.EatALot() in c:\Users\Benny\Documents\Visual Studio 2010\Projects\Sam\SamTestProject\UnitTest1.cs:line 79
</StackTrace>
        </ErrorInfo>
      </Output>
    </UnitTestResult>
    <UnitTestResult executionId="de8ce1a6-0a0a-40fd-ad4e-6156dc9aea29" testId="ab33c521-d786-5081-e07a-4382763147cc" testName="EatDirt" computerName="MACBOOKWIN7" duration="00:00:00.0017504" startTime="2012-03-14T21:18:28.6784000+01:00" endTime="2012-03-14T21:18:28.6904000+01:00" testType="13cdc9d9-ddb5-4fa4-a97d-d965ccfc6d4b" outcome="Failed" testListId="8c84fa94-04c1-424b-9868-57a2d4851a1d" relativeResultsDirectory="de8ce1a6-0a0a-40fd-ad4e-6156dc9aea29">
      <Output>
        <ErrorInfo>
          <Message>Test method SamTestProject.UnitTest1.EatDirt threw exception: 
System.Exception: Puke</Message>
          <StackTrace>    at Sam.Food.Eat() in C:\Users\Benny\Documents\Visual Studio 2010\Projects\Sam\Sam\Food.cs:line 29
   at SamTestProject.UnitTest1.EatDirt() in c:\Users\Benny\Documents\Visual Studio 2010\Projects\Sam\SamTestProject\UnitTest1.cs:line 69
</StackTrace>
        </ErrorInfo>
      </Output>
    </UnitTestResult>
  </Results>
</TestRun>